<?xml version="1.0" encoding="UTF-8"?>
<!-- Generated by org.testng.reporters.JUnitXMLReporter -->
<testsuite ignored="0" hostname="LAPTOP-GBESVN0S" failures="1" tests="2" name="Testing" time="63.237" errors="0" timestamp="2024-04-04T20:23:08 IST">
  <testcase classname="runner.TestRunner" name="feature" time="28.362"/>
  <testcase classname="runner.TestRunner" name="feature" time="51.458">
    <failure type="java.lang.ClassCastException" message="class runner.TestRunner cannot be cast to class util.BasePage (runner.TestRunner and util.BasePage are in unnamed module of loader &amp;apos;app&amp;apos;)">
      <![CDATA[java.lang.ClassCastException: class runner.TestRunner cannot be cast to class util.BasePage (runner.TestRunner and util.BasePage are in unnamed module of loader 'app')
at listeners.Retry.extentReportsFailOperations(Retry.java:38)
at listeners.Retry.retry(Retry.java:26)
at java.base/java.util.ArrayList.forEach(ArrayList.java:1511)
... Removed 23 stack frames]]>
    </failure>
  </testcase> <!-- feature -->
</testsuite> <!-- Testing -->
