<?xml version="1.0" encoding="UTF-8"?>
<testng-results ignored="0" total="2" passed="1" failed="1" skipped="0">
  <reporter-output>
  </reporter-output>
  <suite started-at="2024-04-04T20:22:05 IST" name="Suite Name" finished-at="2024-04-04T20:23:08 IST" duration-ms="63237">
    <groups>
      <group name="cucumber">
        <method signature="TestRunner.feature(io.cucumber.testng.PickleWrapper,io.cucumber.testng.FeatureWrapper)[pri:0, instance:runner.TestRunner@221a3fa4]" name="feature" class="runner.TestRunner"/>
      </group> <!-- cucumber -->
    </groups>
    <test started-at="2024-04-04T20:22:05 IST" name="Testing" finished-at="2024-04-04T20:23:08 IST" duration-ms="63237">
      <class name="runner.TestRunner">
        <test-method is-config="true" signature="setUpClass()[pri:0, instance:runner.TestRunner@221a3fa4]" started-at="2024-04-04T20:22:06 IST" name="setUpClass" finished-at="2024-04-04T20:22:07 IST" duration-ms="1120" status="PASS">
          <reporter-output>
          </reporter-output>
        </test-method> <!-- setUpClass -->
        <test-method signature="feature(io.cucumber.testng.PickleWrapper,io.cucumber.testng.FeatureWrapper)[pri:0, instance:runner.TestRunner@221a3fa4]" started-at="2024-04-04T20:22:07 IST" name="feature" description="Runs Cucumber Feature" data-provider="features" finished-at="2024-04-04T20:22:59 IST" duration-ms="51458" status="FAIL">
          <exception class="java.lang.ClassCastException">
            <message>
              <![CDATA[class runner.TestRunner cannot be cast to class util.BasePage (runner.TestRunner and util.BasePage are in unnamed module of loader 'app')]]>
            </message>
            <full-stacktrace>
              <![CDATA[java.lang.ClassCastException: class runner.TestRunner cannot be cast to class util.BasePage (runner.TestRunner and util.BasePage are in unnamed module of loader 'app')
at listeners.Retry.extentReportsFailOperations(Retry.java:38)
at listeners.Retry.retry(Retry.java:26)
at org.testng.internal.invokers.TestInvoker.shouldRetryTestMethod(TestInvoker.java:567)
at org.testng.internal.invokers.TestInvoker.invokeMethod(TestInvoker.java:739)
at org.testng.internal.invokers.TestInvoker.invokeTestMethod(TestInvoker.java:221)
at org.testng.internal.invokers.MethodRunner.runInSequence(MethodRunner.java:50)
at org.testng.internal.invokers.TestInvoker$MethodInvocationAgent.invoke(TestInvoker.java:969)
at org.testng.internal.invokers.TestInvoker.invokeTestMethods(TestInvoker.java:194)
at org.testng.internal.invokers.TestMethodWorker.invokeTestMethods(TestMethodWorker.java:148)
at org.testng.internal.invokers.TestMethodWorker.run(TestMethodWorker.java:128)
at java.base/java.util.ArrayList.forEach(ArrayList.java:1511)
at org.testng.TestRunner.privateRun(TestRunner.java:829)
at org.testng.TestRunner.run(TestRunner.java:602)
at org.testng.SuiteRunner.runTest(SuiteRunner.java:437)
at org.testng.SuiteRunner.runSequentially(SuiteRunner.java:431)
at org.testng.SuiteRunner.privateRun(SuiteRunner.java:391)
at org.testng.SuiteRunner.run(SuiteRunner.java:330)
at org.testng.SuiteRunnerWorker.runSuite(SuiteRunnerWorker.java:52)
at org.testng.SuiteRunnerWorker.run(SuiteRunnerWorker.java:95)
at org.testng.TestNG.runSuitesSequentially(TestNG.java:1256)
at org.testng.TestNG.runSuitesLocally(TestNG.java:1176)
at org.testng.TestNG.runSuites(TestNG.java:1099)
at org.testng.TestNG.run(TestNG.java:1067)
at org.testng.remote.AbstractRemoteTestNG.run(AbstractRemoteTestNG.java:115)
at org.testng.remote.RemoteTestNG.initAndRun(RemoteTestNG.java:251)
at org.testng.remote.RemoteTestNG.main(RemoteTestNG.java:77)
]]>
            </full-stacktrace>
          </exception> <!-- java.lang.ClassCastException -->
          <reporter-output>
          </reporter-output>
        </test-method> <!-- feature -->
        <test-method signature="feature(io.cucumber.testng.PickleWrapper,io.cucumber.testng.FeatureWrapper)[pri:0, instance:runner.TestRunner@221a3fa4]" started-at="2024-04-04T20:22:07 IST" name="feature" description="Runs Cucumber Feature" data-provider="features" finished-at="2024-04-04T20:22:36 IST" duration-ms="28362" status="PASS">
          <params>
            <param index="0">
              <value>
                <![CDATA["letsKodeIt Test Scenario1"]]>
              </value>
            </param>
            <param index="1">
              <value>
                <![CDATA["Optional[Login Feature]"]]>
              </value>
            </param>
          </params>
          <reporter-output>
          </reporter-output>
        </test-method> <!-- feature -->
        <test-method is-config="true" signature="tearDownClass()[pri:0, instance:runner.TestRunner@221a3fa4]" started-at="2024-04-04T20:22:59 IST" name="tearDownClass" finished-at="2024-04-04T20:23:08 IST" duration-ms="9306" status="PASS">
          <reporter-output>
          </reporter-output>
        </test-method> <!-- tearDownClass -->
      </class> <!-- runner.TestRunner -->
    </test> <!-- Testing -->
  </suite> <!-- Suite Name -->
</testng-results>
